This file contains any messages produced by compilers while
running configure, to aid debugging if configure makes a mistake.

It was created by configure, which was
generated by GNU Autoconf 2.57.  Invocation command line was

  $ ./configure 

## --------- ##
## Platform. ##
## --------- ##

hostname = localhost
uname -m = i686
uname -r = 2.4.21-0.13mdk
uname -s = Linux
uname -v = #1 Fri Mar 14 15:08:06 EST 2003

/usr/bin/uname -p = unknown
/bin/uname -X     = unknown

/bin/arch              = i686
/usr/bin/arch -k       = unknown
/usr/convex/getsysinfo = unknown
hostinfo               = unknown
/bin/machine           = unknown
/usr/bin/oslevel       = unknown
/bin/universe          = unknown

PATH: /usr//bin
PATH: /bin
PATH: /usr/bin
PATH: .
PATH: /usr/local/bin
PATH: /usr/X11R6/bin
PATH: /usr/games
PATH: /usr/local/s1studio_jdk/j2sdk1.4.1_02/bin
PATH: /usr/local/javacc/bin
PATH: /home/benoit/bin
PATH: /usr/local/javacc/bin


## ----------- ##
## Core tests. ##
## ----------- ##

configure:1508: checking for a BSD-compatible install
configure:1562: result: /usr//bin/install -c
configure:1573: checking whether build environment is sane
configure:1616: result: yes
configure:1631: checking whether make sets $(MAKE)
configure:1651: result: yes
configure:1683: checking for working aclocal-1.4
configure:1690: result: found
configure:1698: checking for working autoconf
configure:1705: result: found
configure:1713: checking for working automake-1.4
configure:1720: result: found
configure:1728: checking for working autoheader
configure:1735: result: found
configure:1743: checking for working makeinfo
configure:1754: result: missing
configure:1811: checking for gcc
configure:1827: found /usr//bin/gcc
configure:1837: result: gcc
configure:2081: checking for C compiler version
configure:2084: gcc --version </dev/null >&5
gcc (GCC) 3.2.2 (Mandrake Linux 9.1 3.2.2-3mdk)
Copyright (C) 2002 Free Software Foundation, Inc.
This is free software; see the source for copying conditions.  There is NO
warranty; not even for MERCHANTABILITY or FITNESS FOR A PARTICULAR PURPOSE.

configure:2087: $? = 0
configure:2089: gcc -v </dev/null >&5
Reading specs from /usr//bin/../lib/gcc-lib/i586-mandrake-linux-gnu/3.2.2/specs
Configured with: ../configure --prefix=/usr --libdir=/usr/lib --with-slibdir=/lib --mandir=/usr/share/man --infodir=/usr/share/info --enable-shared --enable-threads=posix --disable-checking --enable-long-long --enable-__cxa_atexit --enable-languages=c,c++,ada,f77,objc,java --host=i586-mandrake-linux-gnu --with-system-zlib
Thread model: posix
gcc version 3.2.2 (Mandrake Linux 9.1 3.2.2-3mdk)
configure:2092: $? = 0
configure:2094: gcc -V </dev/null >&5
gcc: argument to `-V' is missing
configure:2097: $? = 1
configure:2121: checking for C compiler default output
configure:2124: gcc    conftest.c  >&5
configure:2127: $? = 0
configure:2173: result: a.out
configure:2178: checking whether the C compiler works
configure:2184: ./a.out
configure:2187: $? = 0
configure:2204: result: yes
configure:2211: checking whether we are cross compiling
configure:2213: result: no
configure:2216: checking for suffix of executables
configure:2218: gcc -o conftest    conftest.c  >&5
configure:2221: $? = 0
configure:2246: result: 
configure:2252: checking for suffix of object files
configure:2274: gcc -c   conftest.c >&5
configure:2277: $? = 0
configure:2299: result: o
configure:2303: checking whether we are using the GNU C compiler
configure:2328: gcc -c   conftest.c >&5
configure:2331: $? = 0
configure:2334: test -s conftest.o
configure:2337: $? = 0
configure:2350: result: yes
configure:2356: checking whether gcc accepts -g
configure:2378: gcc -c -g  conftest.c >&5
configure:2381: $? = 0
configure:2384: test -s conftest.o
configure:2387: $? = 0
configure:2398: result: yes
configure:2415: checking for gcc option to accept ANSI C
configure:2476: gcc  -c -g -O2  conftest.c >&5
configure:2479: $? = 0
configure:2482: test -s conftest.o
configure:2485: $? = 0
configure:2503: result: none needed
configure:2521: gcc -c -g -O2  conftest.c >&5
conftest.c:2: parse error before "me"
configure:2524: $? = 1
configure: failed program was:
| #ifndef __cplusplus
|   choke me
| #endif
configure:2634: checking for strerror in -lcposix
configure:2665: gcc -o conftest -g -O2   conftest.c -lcposix   >&5
/usr//bin/ld: cannot find -lcposix
collect2: ld returned 1 exit status
configure:2668: $? = 1
configure: failed program was:
| #line 2641 "configure"
| /* confdefs.h.  */
| 
| #define PACKAGE_NAME ""
| #define PACKAGE_TARNAME ""
| #define PACKAGE_VERSION ""
| #define PACKAGE_STRING ""
| #define PACKAGE_BUGREPORT ""
| #define PACKAGE "RealTimeBattle"
| #define VERSION "1.1-MrF"
| /* end confdefs.h.  */
| 
| /* Override any gcc2 internal prototype to avoid an error.  */
| #ifdef __cplusplus
| extern "C"
| #endif
| /* We use char because int might match the return type of a gcc2
|    builtin and then its argument prototype would still apply.  */
| char strerror ();
| int
| main ()
| {
| strerror ();
|   ;
|   return 0;
| }
configure:2686: result: no
configure:2744: checking for gcc
configure:2770: result: gcc
configure:3014: checking for C compiler version
configure:3017: gcc --version </dev/null >&5
gcc (GCC) 3.2.2 (Mandrake Linux 9.1 3.2.2-3mdk)
Copyright (C) 2002 Free Software Foundation, Inc.
This is free software; see the source for copying conditions.  There is NO
warranty; not even for MERCHANTABILITY or FITNESS FOR A PARTICULAR PURPOSE.

configure:3020: $? = 0
configure:3022: gcc -v </dev/null >&5
Reading specs from /usr//bin/../lib/gcc-lib/i586-mandrake-linux-gnu/3.2.2/specs
Configured with: ../configure --prefix=/usr --libdir=/usr/lib --with-slibdir=/lib --mandir=/usr/share/man --infodir=/usr/share/info --enable-shared --enable-threads=posix --disable-checking --enable-long-long --enable-__cxa_atexit --enable-languages=c,c++,ada,f77,objc,java --host=i586-mandrake-linux-gnu --with-system-zlib
Thread model: posix
gcc version 3.2.2 (Mandrake Linux 9.1 3.2.2-3mdk)
configure:3025: $? = 0
configure:3027: gcc -V </dev/null >&5
gcc: argument to `-V' is missing
configure:3030: $? = 1
configure:3033: checking whether we are using the GNU C compiler
configure:3080: result: yes
configure:3086: checking whether gcc accepts -g
configure:3128: result: yes
configure:3145: checking for gcc option to accept ANSI C
configure:3233: result: none needed
configure:3251: gcc -c -g -O2  conftest.c >&5
conftest.c:2: parse error before "me"
configure:3254: $? = 1
configure: failed program was:
| #ifndef __cplusplus
|   choke me
| #endif
configure:3414: checking for g++
configure:3430: found /usr//bin/g++
configure:3440: result: g++
configure:3456: checking for C++ compiler version
configure:3459: g++ --version </dev/null >&5
g++ (GCC) 3.2.2 (Mandrake Linux 9.1 3.2.2-3mdk)
Copyright (C) 2002 Free Software Foundation, Inc.
This is free software; see the source for copying conditions.  There is NO
warranty; not even for MERCHANTABILITY or FITNESS FOR A PARTICULAR PURPOSE.

configure:3462: $? = 0
configure:3464: g++ -v </dev/null >&5
Reading specs from /usr//bin/../lib/gcc-lib/i586-mandrake-linux-gnu/3.2.2/specs
Configured with: ../configure --prefix=/usr --libdir=/usr/lib --with-slibdir=/lib --mandir=/usr/share/man --infodir=/usr/share/info --enable-shared --enable-threads=posix --disable-checking --enable-long-long --enable-__cxa_atexit --enable-languages=c,c++,ada,f77,objc,java --host=i586-mandrake-linux-gnu --with-system-zlib
Thread model: posix
gcc version 3.2.2 (Mandrake Linux 9.1 3.2.2-3mdk)
configure:3467: $? = 0
configure:3469: g++ -V </dev/null >&5
g++: argument to `-V' missing

configure:3472: $? = 1
configure:3475: checking whether we are using the GNU C++ compiler
configure:3500: g++ -c   conftest.cc >&5
configure:3503: $? = 0
configure:3506: test -s conftest.o
configure:3509: $? = 0
configure:3522: result: yes
configure:3528: checking whether g++ accepts -g
configure:3550: g++ -c -g  conftest.cc >&5
configure:3553: $? = 0
configure:3556: test -s conftest.o
configure:3559: $? = 0
configure:3570: result: yes
configure:3613: g++ -c   conftest.cc >&5
configure:3616: $? = 0
configure:3619: test -s conftest.o
configure:3622: $? = 0
configure:3649: g++ -c   conftest.cc >&5
configure: In function `int main()':
configure:3646: `exit' undeclared (first use this function)
configure:3646: (Each undeclared identifier is reported only once for each function it appears in.)
configure:3652: $? = 1
configure: failed program was:
| #line 3632 "configure"
| /* confdefs.h.  */
| 
| #define PACKAGE_NAME ""
| #define PACKAGE_TARNAME ""
| #define PACKAGE_VERSION ""
| #define PACKAGE_STRING ""
| #define PACKAGE_BUGREPORT ""
| #define PACKAGE "RealTimeBattle"
| #define VERSION "1.1-MrF"
| /* end confdefs.h.  */
| 
| int
| main ()
| {
| exit (42);
|   ;
|   return 0;
| }
configure:3613: g++ -c   conftest.cc >&5
configure:3616: $? = 0
configure:3619: test -s conftest.o
configure:3622: $? = 0
configure:3649: g++ -c   conftest.cc >&5
configure:3652: $? = 0
configure:3655: test -s conftest.o
configure:3658: $? = 0
configure:3684: checking for gcc option to accept ANSI C
configure:3747: gcc  -c -g -O2  conftest.c >&5
configure:3750: $? = 0
configure:3753: test -s conftest.o
configure:3756: $? = 0
configure:3771: result: none needed
configure:3787: checking how to run the C preprocessor
configure:3823: gcc -E  conftest.c
configure:3829: $? = 0
configure:3861: gcc -E  conftest.c
configure:3865:28: ac_nonexistent.h: No such file or directory
configure:3867: $? = 1
configure: failed program was:
| #line 3852 "configure"
| /* confdefs.h.  */
| 
| #define PACKAGE_NAME ""
| #define PACKAGE_TARNAME ""
| #define PACKAGE_VERSION ""
| #define PACKAGE_STRING ""
| #define PACKAGE_BUGREPORT ""
| #define PACKAGE "RealTimeBattle"
| #define VERSION "1.1-MrF"
| #ifdef __cplusplus
| extern "C" void std::exit (int) throw (); using std::exit;
| #endif
| /* end confdefs.h.  */
| #include <ac_nonexistent.h>
configure:3905: result: gcc -E
configure:3930: gcc -E  conftest.c
configure:3936: $? = 0
configure:3968: gcc -E  conftest.c
configure:3972:28: ac_nonexistent.h: No such file or directory
configure:3974: $? = 1
configure: failed program was:
| #line 3959 "configure"
| /* confdefs.h.  */
| 
| #define PACKAGE_NAME ""
| #define PACKAGE_TARNAME ""
| #define PACKAGE_VERSION ""
| #define PACKAGE_STRING ""
| #define PACKAGE_BUGREPORT ""
| #define PACKAGE "RealTimeBattle"
| #define VERSION "1.1-MrF"
| #ifdef __cplusplus
| extern "C" void std::exit (int) throw (); using std::exit;
| #endif
| /* end confdefs.h.  */
| #include <ac_nonexistent.h>
configure:4017: checking for egrep
configure:4027: result: grep -E
configure:4032: checking for ANSI C header files
configure:4058: gcc -c -g -O2  conftest.c >&5
configure:4061: $? = 0
configure:4064: test -s conftest.o
configure:4067: $? = 0
configure:4156: gcc -o conftest -g -O2   conftest.c  >&5
configure:4159: $? = 0
configure:4161: ./conftest
configure:4164: $? = 0
configure:4179: result: yes
configure:4267: checking build system type
configure:4285: result: i686-pc-linux-gnu
configure:4293: checking host system type
configure:4307: result: i686-pc-linux-gnu
configure:4315: checking for a sed that does not truncate output
configure:4369: result: /bin/sed
configure:4383: checking for ld used by gcc
configure:4450: result: /usr//bin/ld
configure:4459: checking if the linker (/usr//bin/ld) is GNU ld
configure:4474: result: yes
configure:4479: checking for /usr//bin/ld option to reload object files
configure:4486: result: -r
configure:4495: checking for BSD-compatible nm
configure:4537: result: /usr//bin/nm -B
configure:4541: checking whether ln -s works
configure:4545: result: yes
configure:4552: checking how to recognise dependent libraries
configure:4752: result: pass_all
configure:4964: checking for sys/types.h
configure:4981: gcc -c -g -O2  conftest.c >&5
configure:4984: $? = 0
configure:4987: test -s conftest.o
configure:4990: $? = 0
configure:5001: result: yes
configure:4964: checking for sys/stat.h
configure:4981: gcc -c -g -O2  conftest.c >&5
configure:4984: $? = 0
configure:4987: test -s conftest.o
configure:4990: $? = 0
configure:5001: result: yes
configure:4964: checking for stdlib.h
configure:4981: gcc -c -g -O2  conftest.c >&5
configure:4984: $? = 0
configure:4987: test -s conftest.o
configure:4990: $? = 0
configure:5001: result: yes
configure:4964: checking for string.h
configure:4981: gcc -c -g -O2  conftest.c >&5
configure:4984: $? = 0
configure:4987: test -s conftest.o
configure:4990: $? = 0
configure:5001: result: yes
configure:4964: checking for memory.h
configure:4981: gcc -c -g -O2  conftest.c >&5
configure:4984: $? = 0
configure:4987: test -s conftest.o
configure:4990: $? = 0
configure:5001: result: yes
configure:4964: checking for strings.h
configure:4981: gcc -c -g -O2  conftest.c >&5
configure:4984: $? = 0
configure:4987: test -s conftest.o
configure:4990: $? = 0
configure:5001: result: yes
configure:4964: checking for inttypes.h
configure:4981: gcc -c -g -O2  conftest.c >&5
configure:4984: $? = 0
configure:4987: test -s conftest.o
configure:4990: $? = 0
configure:5001: result: yes
configure:4964: checking for stdint.h
configure:4981: gcc -c -g -O2  conftest.c >&5
configure:4984: $? = 0
configure:4987: test -s conftest.o
configure:4990: $? = 0
configure:5001: result: yes
configure:4964: checking for unistd.h
configure:4981: gcc -c -g -O2  conftest.c >&5
configure:4984: $? = 0
configure:4987: test -s conftest.o
configure:4990: $? = 0
configure:5001: result: yes
configure:5027: checking dlfcn.h usability
configure:5040: gcc -c -g -O2  conftest.c >&5
configure:5043: $? = 0
configure:5046: test -s conftest.o
configure:5049: $? = 0
configure:5059: result: yes
configure:5063: checking dlfcn.h presence
configure:5074: gcc -E  conftest.c
configure:5080: $? = 0
configure:5099: result: yes
configure:5135: checking for dlfcn.h
configure:5142: result: yes
configure:5160: checking how to run the C++ preprocessor
configure:5192: g++ -E  conftest.cc
configure:5198: $? = 0
configure:5230: g++ -E  conftest.cc
configure:5245:28: ac_nonexistent.h: No such file or directory
configure:5236: $? = 1
configure: failed program was:
| #line 5221 "configure"
| /* confdefs.h.  */
| 
| #define PACKAGE_NAME ""
| #define PACKAGE_TARNAME ""
| #define PACKAGE_VERSION ""
| #define PACKAGE_STRING ""
| #define PACKAGE_BUGREPORT ""
| #define PACKAGE "RealTimeBattle"
| #define VERSION "1.1-MrF"
| #ifdef __cplusplus
| extern "C" void std::exit (int) throw (); using std::exit;
| #endif
| #define STDC_HEADERS 1
| #define HAVE_SYS_TYPES_H 1
| #define HAVE_SYS_STAT_H 1
| #define HAVE_STDLIB_H 1
| #define HAVE_STRING_H 1
| #define HAVE_MEMORY_H 1
| #define HAVE_STRINGS_H 1
| #define HAVE_INTTYPES_H 1
| #define HAVE_STDINT_H 1
| #define HAVE_UNISTD_H 1
| #define HAVE_DLFCN_H 1
| /* end confdefs.h.  */
| #include <ac_nonexistent.h>
configure:5274: result: g++ -E
configure:5299: g++ -E  conftest.cc
configure:5305: $? = 0
configure:5337: g++ -E  conftest.cc
configure:5352:28: ac_nonexistent.h: No such file or directory
configure:5343: $? = 1
configure: failed program was:
| #line 5328 "configure"
| /* confdefs.h.  */
| 
| #define PACKAGE_NAME ""
| #define PACKAGE_TARNAME ""
| #define PACKAGE_VERSION ""
| #define PACKAGE_STRING ""
| #define PACKAGE_BUGREPORT ""
| #define PACKAGE "RealTimeBattle"
| #define VERSION "1.1-MrF"
| #ifdef __cplusplus
| extern "C" void std::exit (int) throw (); using std::exit;
| #endif
| #define STDC_HEADERS 1
| #define HAVE_SYS_TYPES_H 1
| #define HAVE_SYS_STAT_H 1
| #define HAVE_STDLIB_H 1
| #define HAVE_STRING_H 1
| #define HAVE_MEMORY_H 1
| #define HAVE_STRINGS_H 1
| #define HAVE_INTTYPES_H 1
| #define HAVE_STDINT_H 1
| #define HAVE_UNISTD_H 1
| #define HAVE_DLFCN_H 1
| /* end confdefs.h.  */
| #include <ac_nonexistent.h>
configure:5437: checking for g77
configure:5466: result: no
configure:5437: checking for f77
configure:5466: result: no
configure:5437: checking for xlf
configure:5466: result: no
configure:5437: checking for frt
configure:5466: result: no
configure:5437: checking for pgf77
configure:5466: result: no
configure:5437: checking for fl32
configure:5466: result: no
configure:5437: checking for af77
configure:5466: result: no
configure:5437: checking for fort77
configure:5466: result: no
configure:5437: checking for f90
configure:5466: result: no
configure:5437: checking for xlf90
configure:5466: result: no
configure:5437: checking for pgf90
configure:5466: result: no
configure:5437: checking for epcf90
configure:5466: result: no
configure:5437: checking for f95
configure:5466: result: no
configure:5437: checking for fort
configure:5466: result: no
configure:5437: checking for xlf95
configure:5466: result: no
configure:5437: checking for lf95
configure:5466: result: no
configure:5437: checking for g95
configure:5466: result: no
configure:5481: checking for Fortran 77 compiler version
configure:5481:  --version </dev/null >&5
./configure: line 1: --version: command not found
configure:5484: $? = 127
configure:5486:  -v </dev/null >&5
./configure: line 1: -v: command not found
configure:5489: $? = 127
configure:5491:  -V </dev/null >&5
./configure: line 1: -V: command not found
configure:5494: $? = 127
configure:5501: checking whether we are using the GNU Fortran 77 compiler
configure:5515:  -c  conftest.F >&5
./configure: line 1: -c: command not found
configure:5518: $? = 127
configure: failed program was:
|       program main
| #ifndef __GNUC__
|        choke me
| #endif
| 
|       end
configure:5537: result: no
configure:5544: checking whether  accepts -g
configure:5556:  -c -g conftest.f >&5
./configure: line 1: -c: command not found
configure:5559: $? = 127
configure: failed program was:
|       program main
| 
|       end
configure:5577: result: no
configure:5605: checking the maximum length of command line arguments
configure:5670: result: 32768
configure:5681: checking command to parse /usr//bin/nm -B output from gcc object
configure:5770: gcc -c -g -O2  conftest.c >&5
configure:5773: $? = 0
configure:5777: /usr//bin/nm -B conftest.o \| sed -n -e 's/^.*[ 	]\([ABCDGIRSTW][ABCDGIRSTW]*\)[ 	][ 	]*\(\)\([_A-Za-z][_A-Za-z0-9]*\)$/\1 \2\3 \3/p' \> conftest.nm
configure:5780: $? = 0
configure:5832: gcc -o conftest -g -O2   conftest.c conftstm.o >&5
configure:5835: $? = 0
configure:5873: result: ok
configure:5877: checking for objdir
configure:5892: result: .libs
configure:5982: checking for ar
configure:5998: found /usr//bin/ar
configure:6009: result: ar
configure:6062: checking for ranlib
configure:6078: found /usr//bin/ranlib
configure:6089: result: ranlib
configure:6142: checking for strip
configure:6158: found /usr//bin/strip
configure:6169: result: strip
configure:6431: checking if gcc static flag  works
configure:6454: result: yes
configure:6472: checking if gcc supports -fno-rtti -fno-exceptions
configure:6493: gcc -c -g -O2  -fno-rtti -fno-exceptions conftest.c >&5
configure:6497: $? = 0
configure:6505: result: yes
configure:6520: checking for gcc option to produce PIC
configure:6697: result: -fPIC
configure:6705: checking if gcc PIC flag -fPIC works
configure:6726: gcc -c -g -O2  -fPIC -DPIC conftest.c >&5
configure:6730: $? = 0
configure:6738: result: yes
configure:6762: checking if gcc supports -c -o file.o
configure:6793: gcc -c -g -O2  -o out/conftest2.o conftest.c >&5
configure:6797: $? = 0
configure:6814: result: yes
configure:6840: checking whether the gcc linker (/usr//bin/ld) supports shared libraries
configure:7668: result: yes
configure:7694: checking whether -lc should be explicitly linked in
configure:7699: gcc -c -g -O2  conftest.c >&5
configure:7702: $? = 0
configure:7716: gcc -shared conftest.o  -v -Wl,-soname -Wl,conftest -o conftest 2\>\&1 \| grep  -lc  \>/dev/null 2\>\&1
configure:7719: $? = 0
configure:7731: result: no
configure:7739: checking dynamic linker characteristics
configure:8261: result: GNU/Linux ld.so
configure:8265: checking how to hardcode library paths into programs
configure:8290: result: immediate
configure:8304: checking whether stripping libraries is possible
configure:8309: result: yes
configure:9053: checking if libtool supports shared libraries
configure:9055: result: yes
configure:9058: checking whether to build shared libraries
configure:9116: result: yes
configure:9119: checking whether to build static libraries
configure:9123: result: yes
configure:9214: creating libtool
configure:9758: checking for ld used by g++
configure:9825: result: /usr//bin/ld
configure:9834: checking if the linker (/usr//bin/ld) is GNU ld
configure:9849: result: yes
configure:9900: checking whether the g++ linker (/usr//bin/ld) supports shared libraries
configure:10708: result: yes
configure:10726: g++ -c   conftest.cc >&5
configure:10729: $? = 0
configure:10825: checking for g++ option to produce PIC
configure:11077: result: -fPIC
configure:11085: checking if g++ PIC flag -fPIC works
configure:11106: g++ -c   -fPIC -DPIC conftest.cc >&5
configure:11110: $? = 0
configure:11118: result: yes
configure:11142: checking if g++ supports -c -o file.o
configure:11173: g++ -c   -o out/conftest2.o conftest.cc >&5
configure:11177: $? = 0
configure:11194: result: yes
configure:11220: checking whether the g++ linker (/usr//bin/ld) supports shared libraries
configure:11245: result: yes
configure:11316: checking dynamic linker characteristics
configure:11838: result: GNU/Linux ld.so
configure:11842: checking how to hardcode library paths into programs
configure:11867: result: immediate
configure:11881: checking whether stripping libraries is possible
configure:11886: result: yes
configure:18875: checking for pkg-config
configure:18893: found /usr//bin/pkg-config
configure:18906: result: /usr//bin/pkg-config
configure:18923: checking for gtk+-2.0 gdk-2.0
configure:18927: result: yes
configure:18931: checking GTK_CFLAGS
configure:18934: result: -I/usr/include/gtk-2.0 -I/usr/lib/gtk-2.0/include -I/usr/include/atk-1.0 -I/usr/include/pango-1.0 -I/usr/X11R6/include -I/usr/include/freetype2 -I/usr/include/glib-2.0 -I/usr/lib/glib-2.0/include  
configure:18937: checking GTK_LIBS
configure:18940: result: -Wl,--export-dynamic -lgtk-x11-2.0 -latk-1.0 -lgdk-x11-2.0 -lgdk_pixbuf-2.0 -lm -lpangoxft-1.0 -lpangox-1.0 -lpango-1.0 -lgobject-2.0 -lgmodule-2.0 -ldl -lglib-2.0  
configure:18991: checking whether NLS is requested
configure:19000: result: yes
configure:19038: checking for msgfmt
configure:19069: result: /usr//bin/msgfmt
configure:19078: checking for gmsgfmt
configure:19109: result: /usr//bin/msgfmt
configure:19148: checking for xgettext
configure:19182: result: no
configure:19219: checking for msgmerge
configure:19249: result: /usr//bin/msgmerge
configure:19325: checking for ranlib
configure:19352: result: ranlib
configure:19364: checking for an ANSI C-conforming const
configure:19432: gcc -c -g -O2  conftest.c >&5
configure:19435: $? = 0
configure:19438: test -s conftest.o
configure:19441: $? = 0
configure:19452: result: yes
configure:19462: checking for inline
configure:19484: gcc -c -g -O2  conftest.c >&5
configure:19487: $? = 0
configure:19490: test -s conftest.o
configure:19493: $? = 0
configure:19505: result: inline
configure:19520: checking for off_t
configure:19545: gcc -c -g -O2  conftest.c >&5
configure:19548: $? = 0
configure:19551: test -s conftest.o
configure:19554: $? = 0
configure:19565: result: yes
configure:19577: checking for size_t
configure:19602: gcc -c -g -O2  conftest.c >&5
configure:19605: $? = 0
configure:19608: test -s conftest.o
configure:19611: $? = 0
configure:19622: result: yes
configure:19636: checking for working alloca.h
configure:19658: gcc -o conftest -g -O2   conftest.c  >&5
configure:19661: $? = 0
configure:19664: test -s conftest
configure:19667: $? = 0
configure:19678: result: yes
configure:19688: checking for alloca
configure:19730: gcc -o conftest -g -O2   conftest.c  >&5
configure:19733: $? = 0
configure:19736: test -s conftest
configure:19739: $? = 0
configure:19750: result: yes
configure:19963: checking for stdlib.h
configure:19968: result: yes
configure:19963: checking for unistd.h
configure:19968: result: yes
configure:20104: checking for getpagesize
configure:20154: gcc -o conftest -g -O2   conftest.c  >&5
configure:20157: $? = 0
configure:20160: test -s conftest
configure:20163: $? = 0
configure:20174: result: yes
configure:20184: checking for working mmap
configure:20327: gcc -o conftest -g -O2   conftest.c  >&5
configure:20330: $? = 0
configure:20332: ./conftest
configure:20335: $? = 0
configure:20349: result: yes
configure:20361: checking whether we are using the GNU C Library 2.1 or newer
configure:20393: result: yes
configure:20401: checking whether integer division by zero raises SIGFPE
configure:20464: gcc -o conftest -g -O2   conftest.c  >&5
configure:20467: $? = 0
configure:20469: ./conftest
configure:20472: $? = 0
configure:20487: result: yes
configure:20500: checking for inttypes.h
configure:20523: gcc -c -g -O2  conftest.c >&5
configure:20526: $? = 0
configure:20529: test -s conftest.o
configure:20532: $? = 0
configure:20543: result: yes
configure:20554: checking for stdint.h
configure:20577: gcc -c -g -O2  conftest.c >&5
configure:20580: $? = 0
configure:20583: test -s conftest.o
configure:20586: $? = 0
configure:20597: result: yes
configure:20608: checking for unsigned long long
configure:20631: gcc -o conftest -g -O2   conftest.c  >&5
configure:20634: $? = 0
configure:20637: test -s conftest
configure:20640: $? = 0
configure:20651: result: yes
configure:20683: checking for inttypes.h
configure:20707: gcc -c -g -O2  conftest.c >&5
configure:20710: $? = 0
configure:20713: test -s conftest.o
configure:20716: $? = 0
configure:20728: result: yes
configure:20741: checking whether the inttypes.h PRIxNN macros are broken
configure:20768: gcc -c -g -O2  conftest.c >&5
configure:20771: $? = 0
configure:20774: test -s conftest.o
configure:20777: $? = 0
configure:20789: result: no
configure:20840: checking for ld used by GCC
configure:20903: result: /usr//bin/ld
configure:20912: checking if the linker (/usr//bin/ld) is GNU ld
GNU ld version 2.13.90.0.18 20030121
configure:20924: result: yes
configure:20930: checking for shared library run path origin
configure:20943: result: done
configure:21369: checking argz.h usability
configure:21382: gcc -c -g -O2  conftest.c >&5
configure:21385: $? = 0
configure:21388: test -s conftest.o
configure:21391: $? = 0
configure:21401: result: yes
configure:21405: checking argz.h presence
configure:21416: gcc -E  conftest.c
configure:21422: $? = 0
configure:21441: result: yes
configure:21477: checking for argz.h
configure:21484: result: yes
configure:21369: checking limits.h usability
configure:21382: gcc -c -g -O2  conftest.c >&5
configure:21385: $? = 0
configure:21388: test -s conftest.o
configure:21391: $? = 0
configure:21401: result: yes
configure:21405: checking limits.h presence
configure:21416: gcc -E  conftest.c
configure:21422: $? = 0
configure:21441: result: yes
configure:21477: checking for limits.h
configure:21484: result: yes
configure:21369: checking locale.h usability
configure:21382: gcc -c -g -O2  conftest.c >&5
configure:21385: $? = 0
configure:21388: test -s conftest.o
configure:21391: $? = 0
configure:21401: result: yes
configure:21405: checking locale.h presence
configure:21416: gcc -E  conftest.c
configure:21422: $? = 0
configure:21441: result: yes
configure:21477: checking for locale.h
configure:21484: result: yes
configure:21369: checking nl_types.h usability
configure:21382: gcc -c -g -O2  conftest.c >&5
configure:21385: $? = 0
configure:21388: test -s conftest.o
configure:21391: $? = 0
configure:21401: result: yes
configure:21405: checking nl_types.h presence
configure:21416: gcc -E  conftest.c
configure:21422: $? = 0
configure:21441: result: yes
configure:21477: checking for nl_types.h
configure:21484: result: yes
configure:21369: checking malloc.h usability
configure:21382: gcc -c -g -O2  conftest.c >&5
configure:21385: $? = 0
configure:21388: test -s conftest.o
configure:21391: $? = 0
configure:21401: result: yes
configure:21405: checking malloc.h presence
configure:21416: gcc -E  conftest.c
configure:21422: $? = 0
configure:21441: result: yes
configure:21477: checking for malloc.h
configure:21484: result: yes
configure:21369: checking stddef.h usability
configure:21382: gcc -c -g -O2  conftest.c >&5
configure:21385: $? = 0
configure:21388: test -s conftest.o
configure:21391: $? = 0
configure:21401: result: yes
configure:21405: checking stddef.h presence
configure:21416: gcc -E  conftest.c
configure:21422: $? = 0
configure:21441: result: yes
configure:21477: checking for stddef.h
configure:21484: result: yes
configure:21360: checking for stdlib.h
configure:21365: result: yes
configure:21360: checking for string.h
configure:21365: result: yes
configure:21360: checking for unistd.h
configure:21365: result: yes
configure:21369: checking sys/param.h usability
configure:21382: gcc -c -g -O2  conftest.c >&5
configure:21385: $? = 0
configure:21388: test -s conftest.o
configure:21391: $? = 0
configure:21401: result: yes
configure:21405: checking sys/param.h presence
configure:21416: gcc -E  conftest.c
configure:21422: $? = 0
configure:21441: result: yes
configure:21477: checking for sys/param.h
configure:21484: result: yes
configure:21525: checking for feof_unlocked
configure:21575: gcc -o conftest -g -O2   conftest.c  >&5
configure:21578: $? = 0
configure:21581: test -s conftest
configure:21584: $? = 0
configure:21595: result: yes
configure:21525: checking for fgets_unlocked
configure:21575: gcc -o conftest -g -O2   conftest.c  >&5
configure:21578: $? = 0
configure:21581: test -s conftest
configure:21584: $? = 0
configure:21595: result: yes
configure:21525: checking for getc_unlocked
configure:21575: gcc -o conftest -g -O2   conftest.c  >&5
configure:21578: $? = 0
configure:21581: test -s conftest
configure:21584: $? = 0
configure:21595: result: yes
configure:21525: checking for getcwd
configure:21575: gcc -o conftest -g -O2   conftest.c  >&5
configure:21578: $? = 0
configure:21581: test -s conftest
configure:21584: $? = 0
configure:21595: result: yes
configure:21525: checking for getegid
configure:21575: gcc -o conftest -g -O2   conftest.c  >&5
configure:21578: $? = 0
configure:21581: test -s conftest
configure:21584: $? = 0
configure:21595: result: yes
configure:21525: checking for geteuid
configure:21575: gcc -o conftest -g -O2   conftest.c  >&5
configure:21578: $? = 0
configure:21581: test -s conftest
configure:21584: $? = 0
configure:21595: result: yes
configure:21525: checking for getgid
configure:21575: gcc -o conftest -g -O2   conftest.c  >&5
configure:21578: $? = 0
configure:21581: test -s conftest
configure:21584: $? = 0
configure:21595: result: yes
configure:21525: checking for getuid
configure:21575: gcc -o conftest -g -O2   conftest.c  >&5
configure:21578: $? = 0
configure:21581: test -s conftest
configure:21584: $? = 0
configure:21595: result: yes
configure:21525: checking for mempcpy
configure:21575: gcc -o conftest -g -O2   conftest.c  >&5
configure:21578: $? = 0
configure:21581: test -s conftest
configure:21584: $? = 0
configure:21595: result: yes
configure:21525: checking for munmap
configure:21575: gcc -o conftest -g -O2   conftest.c  >&5
configure:21578: $? = 0
configure:21581: test -s conftest
configure:21584: $? = 0
configure:21595: result: yes
configure:21525: checking for putenv
configure:21575: gcc -o conftest -g -O2   conftest.c  >&5
configure:21578: $? = 0
configure:21581: test -s conftest
configure:21584: $? = 0
configure:21595: result: yes
configure:21525: checking for setenv
configure:21575: gcc -o conftest -g -O2   conftest.c  >&5
configure:21578: $? = 0
configure:21581: test -s conftest
configure:21584: $? = 0
configure:21595: result: yes
configure:21525: checking for setlocale
configure:21575: gcc -o conftest -g -O2   conftest.c  >&5
configure:21578: $? = 0
configure:21581: test -s conftest
configure:21584: $? = 0
configure:21595: result: yes
configure:21525: checking for stpcpy
configure:21575: gcc -o conftest -g -O2   conftest.c  >&5
configure:21578: $? = 0
configure:21581: test -s conftest
configure:21584: $? = 0
configure:21595: result: yes
configure:21525: checking for strcasecmp
configure:21575: gcc -o conftest -g -O2   conftest.c  >&5
configure:21578: $? = 0
configure:21581: test -s conftest
configure:21584: $? = 0
configure:21595: result: yes
configure:21525: checking for strdup
configure:21575: gcc -o conftest -g -O2   conftest.c  >&5
configure:21578: $? = 0
configure:21581: test -s conftest
configure:21584: $? = 0
configure:21595: result: yes
configure:21525: checking for strtoul
configure:21575: gcc -o conftest -g -O2   conftest.c  >&5
configure:21578: $? = 0
configure:21581: test -s conftest
configure:21584: $? = 0
configure:21595: result: yes
configure:21525: checking for tsearch
configure:21575: gcc -o conftest -g -O2   conftest.c  >&5
configure:21578: $? = 0
configure:21581: test -s conftest
configure:21584: $? = 0
configure:21595: result: yes
configure:21525: checking for __argz_count
configure:21575: gcc -o conftest -g -O2   conftest.c  >&5
configure:21578: $? = 0
configure:21581: test -s conftest
configure:21584: $? = 0
configure:21595: result: yes
configure:21525: checking for __argz_stringify
configure:21575: gcc -o conftest -g -O2   conftest.c  >&5
configure:21578: $? = 0
configure:21581: test -s conftest
configure:21584: $? = 0
configure:21595: result: yes
configure:21525: checking for __argz_next
configure:21575: gcc -o conftest -g -O2   conftest.c  >&5
configure:21578: $? = 0
configure:21581: test -s conftest
configure:21584: $? = 0
configure:21595: result: yes
configure:21525: checking for __fsetlocking
configure:21575: gcc -o conftest -g -O2   conftest.c  >&5
configure:21578: $? = 0
configure:21581: test -s conftest
configure:21584: $? = 0
configure:21595: result: yes
configure:21636: checking for iconv
configure:21664: gcc -o conftest -g -O2   conftest.c  >&5
configure:21667: $? = 0
configure:21670: test -s conftest
configure:21673: $? = 0
configure:21728: result: yes
configure:21751: checking for iconv declaration
configure:21786: gcc -c -g -O2  conftest.c >&5
configure:21789: $? = 0
configure:21792: test -s conftest.o
configure:21795: $? = 0
configure:21810: result: 
         extern size_t iconv (iconv_t cd, char * *inbuf, size_t *inbytesleft, char * *outbuf, size_t *outbytesleft);
configure:21821: checking for nl_langinfo and CODESET
configure:21843: gcc -o conftest -g -O2   conftest.c  >&5
configure:21846: $? = 0
configure:21849: test -s conftest
configure:21852: $? = 0
configure:21864: result: yes
configure:21876: checking for LC_MESSAGES
configure:21898: gcc -o conftest -g -O2   conftest.c  >&5
configure:21901: $? = 0
configure:21904: test -s conftest
configure:21907: $? = 0
configure:21918: result: yes
configure:21934: checking for bison
configure:21963: result: no
configure:22004: checking whether NLS is requested
configure:22013: result: yes
configure:22029: checking whether included gettext is requested
configure:22039: result: no
configure:22050: checking for GNU gettext in libc
configure:22075: gcc -o conftest -g -O2   conftest.c  >&5
configure:22078: $? = 0
configure:22081: test -s conftest
configure:22084: $? = 0
configure:22095: result: yes
configure:22628: checking whether to use NLS
configure:22630: result: yes
configure:22633: checking where the gettext function comes from
configure:22644: result: libc
configure:22909: creating ./config.status

## ---------------------- ##
## Running config.status. ##
## ---------------------- ##

This file was extended by config.status, which was
generated by GNU Autoconf 2.57.  Invocation command line was

  CONFIG_FILES    = 
  CONFIG_HEADERS  = 
  CONFIG_LINKS    = 
  CONFIG_COMMANDS = 
  $ ./config.status 

on localhost

config.status:709: creating Makefile
config.status:709: creating intl/Makefile
config.status:709: creating po/Makefile.in
config.status:709: creating include/Makefile
config.status:709: creating src/Makefile
config.status:709: creating doc/Makefile
config.status:813: creating config.h
config.status:1074: config.h is unchanged
config.status:1174: executing default-1 commands
config.status:1174: executing default-2 commands

## ---------------- ##
## Cache variables. ##
## ---------------- ##

ac_cv_build=i686-pc-linux-gnu
ac_cv_build_alias=i686-pc-linux-gnu
ac_cv_c_compiler_gnu=yes
ac_cv_c_const=yes
ac_cv_c_inline=inline
ac_cv_cxx_compiler_gnu=yes
ac_cv_env_CC_set=
ac_cv_env_CC_value=
ac_cv_env_CFLAGS_set=
ac_cv_env_CFLAGS_value=
ac_cv_env_CPPFLAGS_set=
ac_cv_env_CPPFLAGS_value=
ac_cv_env_CPP_set=
ac_cv_env_CPP_value=
ac_cv_env_CXXCPP_set=
ac_cv_env_CXXCPP_value=
ac_cv_env_CXXFLAGS_set=
ac_cv_env_CXXFLAGS_value=
ac_cv_env_CXX_set=
ac_cv_env_CXX_value=
ac_cv_env_F77_set=
ac_cv_env_F77_value=
ac_cv_env_FFLAGS_set=
ac_cv_env_FFLAGS_value=
ac_cv_env_LDFLAGS_set=
ac_cv_env_LDFLAGS_value=
ac_cv_env_build_alias_set=
ac_cv_env_build_alias_value=
ac_cv_env_host_alias_set=
ac_cv_env_host_alias_value=
ac_cv_env_target_alias_set=
ac_cv_env_target_alias_value=
ac_cv_exeext=
ac_cv_f77_compiler_gnu=no
ac_cv_func___argz_count=yes
ac_cv_func___argz_next=yes
ac_cv_func___argz_stringify=yes
ac_cv_func___fsetlocking=yes
ac_cv_func_alloca_works=yes
ac_cv_func_feof_unlocked=yes
ac_cv_func_fgets_unlocked=yes
ac_cv_func_getc_unlocked=yes
ac_cv_func_getcwd=yes
ac_cv_func_getegid=yes
ac_cv_func_geteuid=yes
ac_cv_func_getgid=yes
ac_cv_func_getpagesize=yes
ac_cv_func_getuid=yes
ac_cv_func_mempcpy=yes
ac_cv_func_mmap_fixed_mapped=yes
ac_cv_func_munmap=yes
ac_cv_func_putenv=yes
ac_cv_func_setenv=yes
ac_cv_func_setlocale=yes
ac_cv_func_stpcpy=yes
ac_cv_func_strcasecmp=yes
ac_cv_func_strdup=yes
ac_cv_func_strtoul=yes
ac_cv_func_tsearch=yes
ac_cv_gnu_library_2_1=yes
ac_cv_header_argz_h=yes
ac_cv_header_dlfcn_h=yes
ac_cv_header_inttypes_h=yes
ac_cv_header_limits_h=yes
ac_cv_header_locale_h=yes
ac_cv_header_malloc_h=yes
ac_cv_header_memory_h=yes
ac_cv_header_nl_types_h=yes
ac_cv_header_stdc=yes
ac_cv_header_stddef_h=yes
ac_cv_header_stdint_h=yes
ac_cv_header_stdlib_h=yes
ac_cv_header_string_h=yes
ac_cv_header_strings_h=yes
ac_cv_header_sys_param_h=yes
ac_cv_header_sys_stat_h=yes
ac_cv_header_sys_types_h=yes
ac_cv_header_unistd_h=yes
ac_cv_host=i686-pc-linux-gnu
ac_cv_host_alias=i686-pc-linux-gnu
ac_cv_lib_cposix_strerror=no
ac_cv_objext=o
ac_cv_path_GMSGFMT=/usr//bin/msgfmt
ac_cv_path_MSGFMT=/usr//bin/msgfmt
ac_cv_path_MSGMERGE=/usr//bin/msgmerge
ac_cv_path_PKG_CONFIG=/usr//bin/pkg-config
ac_cv_path_XGETTEXT=:
ac_cv_path_install='/usr//bin/install -c'
ac_cv_prog_CPP='gcc -E'
ac_cv_prog_CXXCPP='g++ -E'
ac_cv_prog_ac_ct_AR=ar
ac_cv_prog_ac_ct_CC=gcc
ac_cv_prog_ac_ct_CXX=g++
ac_cv_prog_ac_ct_RANLIB=ranlib
ac_cv_prog_ac_ct_STRIP=strip
ac_cv_prog_cc_g=yes
ac_cv_prog_cc_stdc=
ac_cv_prog_cxx_g=yes
ac_cv_prog_egrep='grep -E'
ac_cv_prog_f77_g=no
ac_cv_prog_make_make_set=yes
ac_cv_type_off_t=yes
ac_cv_type_size_t=yes
ac_cv_type_unsigned_long_long=yes
ac_cv_working_alloca_h=yes
acl_cv_path_LD=/usr//bin/ld
acl_cv_prog_gnu_ld=yes
acl_cv_rpath=done
am_cv_func_iconv=yes
am_cv_langinfo_codeset=yes
am_cv_lib_iconv=no
am_cv_prog_cc_stdc=
am_cv_proto_iconv='extern size_t iconv (iconv_t cd, char * *inbuf, size_t *inbytesleft, char * *outbuf, size_t *outbytesleft);'
am_cv_proto_iconv_arg1=
am_cv_val_LC_MESSAGES=yes
gt_cv_func_gnugettext1_libc=yes
gt_cv_header_inttypes_h=yes
gt_cv_int_divbyzero_sigfpe=yes
gt_cv_inttypes_pri_broken=no
jm_ac_cv_header_inttypes_h=yes
jm_ac_cv_header_stdint_h=yes
lt_cv_deplibs_check_method=pass_all
lt_cv_file_magic_cmd='$MAGIC_CMD'
lt_cv_file_magic_test_file='/lib/libc.so.6 /lib/libc-2.3.1.so'
lt_cv_ld_reload_flag=-r
lt_cv_objdir=.libs
lt_cv_path_LD=/usr//bin/ld
lt_cv_path_LDCXX=/usr//bin/ld
lt_cv_path_NM='/usr//bin/nm -B'
lt_cv_path_SED=/bin/sed
lt_cv_prog_compiler_c_o=yes
lt_cv_prog_compiler_c_o_CXX=yes
lt_cv_prog_compiler_rtti_exceptions=yes
lt_cv_prog_gnu_ld=yes
lt_cv_prog_gnu_ldcxx=yes
lt_cv_sys_global_symbol_pipe='sed -n -e '\''s/^.*[ 	]\([ABCDGIRSTW][ABCDGIRSTW]*\)[ 	][ 	]*\(\)\([_A-Za-z][_A-Za-z0-9]*\)$/\1 \2\3 \3/p'\'''
lt_cv_sys_global_symbol_to_c_name_address='sed -n -e '\''s/^: \([^ ]*\) $/  {\"\1\", (lt_ptr) 0},/p'\'' -e '\''s/^[BCDEGRST] \([^ ]*\) \([^ ]*\)$/  {"\2", (lt_ptr) \&\2},/p'\'''
lt_cv_sys_global_symbol_to_cdecl='sed -n -e '\''s/^. .* \(.*\)$/extern int \1;/p'\'''
lt_cv_sys_max_cmd_len=32768
lt_lt_cv_prog_compiler_c_o='"yes"'
lt_lt_cv_prog_compiler_c_o_CXX='"yes"'
lt_lt_cv_sys_global_symbol_pipe='"sed -n -e '\''s/^.*[ 	]\\([ABCDGIRSTW][ABCDGIRSTW]*\\)[ 	][ 	]*\\(\\)\\([_A-Za-z][_A-Za-z0-9]*\\)\$/\\1 \\2\\3 \\3/p'\''"'
lt_lt_cv_sys_global_symbol_to_c_name_address='"sed -n -e '\''s/^: \\([^ ]*\\) \$/  {\\\"\\1\\\", (lt_ptr) 0},/p'\'' -e '\''s/^[BCDEGRST] \\([^ ]*\\) \\([^ ]*\\)\$/  {\"\\2\", (lt_ptr) \\&\\2},/p'\''"'
lt_lt_cv_sys_global_symbol_to_cdecl='"sed -n -e '\''s/^. .* \\(.*\\)\$/extern int \\1;/p'\''"'
nls_cv_force_use_gnu_gettext=no
nls_cv_header_intl=
nls_cv_header_libgt=
nls_cv_use_gnu_gettext=no

## ----------------- ##
## Output variables. ##
## ----------------- ##

ACLOCAL='aclocal-1.4'
ALLOCA=''
AR='ar'
AUTOCONF='autoconf'
AUTOHEADER='autoheader'
AUTOMAKE='automake-1.4'
BUILD_INCLUDED_LIBINTL='no'
CATOBJEXT='.gmo'
CC='gcc'
CFLAGS='-g -O2'
CPP='gcc -E'
CPPFLAGS=''
CXX='g++'
CXXCPP='g++ -E'
CXXFLAGS=''
DATADIRNAME='share'
DEFS='-DHAVE_CONFIG_H'
ECHO='echo'
ECHO_C=''
ECHO_N='-n'
ECHO_T=''
EGREP='grep -E'
EXEEXT=''
F77=''
FFLAGS=''
GENCAT='gencat'
GETTEXT_PACKAGE='RealTimeBattle'
GLIBC21='yes'
GMSGFMT='/usr//bin/msgfmt'
GTK_CFLAGS='-I/usr/include/gtk-2.0 -I/usr/lib/gtk-2.0/include -I/usr/include/atk-1.0 -I/usr/include/pango-1.0 -I/usr/X11R6/include -I/usr/include/freetype2 -I/usr/include/glib-2.0 -I/usr/lib/glib-2.0/include  '
GTK_LIBS='-Wl,--export-dynamic -lgtk-x11-2.0 -latk-1.0 -lgdk-x11-2.0 -lgdk_pixbuf-2.0 -lm -lpangoxft-1.0 -lpangox-1.0 -lpango-1.0 -lgobject-2.0 -lgmodule-2.0 -ldl -lglib-2.0  '
INSTALL_DATA='${INSTALL} -m 644'
INSTALL_PROGRAM='${INSTALL}'
INSTALL_SCRIPT='${INSTALL}'
INSTOBJEXT='.mo'
INTLBISON=':'
INTLLIBS=''
INTLOBJS=''
INTL_LIBTOOL_SUFFIX_PREFIX=''
LDFLAGS=''
LIBICONV=''
LIBINTL=''
LIBOBJS=''
LIBS=''
LIBTOOL='$(SHELL) $(top_builddir)/libtool'
LN_S='ln -s'
LTLIBICONV=''
LTLIBINTL=''
LTLIBOBJS=''
MAKEINFO='/home/benoit/rtb-gtk2-gcc3.3/RealTimeBattle-1.1-MrF/missing makeinfo'
MKINSTALLDIRS='$(top_builddir)/./mkinstalldirs'
MSGFMT='/usr//bin/msgfmt'
MSGMERGE='/usr//bin/msgmerge'
NO_PREFIX_PACKAGE_DATA_DIR='share/RealTimeBattle'
NO_PREFIX_PACKAGE_DOC_DIR='doc/RealTimeBattle'
NO_PREFIX_PACKAGE_HELP_DIR='share/RealTimeBattle/help'
NO_PREFIX_PACKAGE_MENU_DIR='share/RealTimeBattle'
NO_PREFIX_PACKAGE_PIXMAPS_DIR='share/RealTimeBattle/pixmaps'
OBJEXT='o'
PACKAGE='RealTimeBattle'
PACKAGE_BUGREPORT=''
PACKAGE_DATA_DIR='/usr/local/share/RealTimeBattle'
PACKAGE_DOC_DIR='/usr/local/doc/RealTimeBattle'
PACKAGE_HELP_DIR='/usr/local/share/RealTimeBattle/help'
PACKAGE_MENU_DIR='/usr/local/share/RealTimeBattle'
PACKAGE_NAME=''
PACKAGE_PIXMAPS_DIR='/usr/local/share/RealTimeBattle/pixmaps'
PACKAGE_STRING=''
PACKAGE_TARNAME=''
PACKAGE_VERSION=''
PATH_SEPARATOR=':'
PKG_CONFIG='/usr//bin/pkg-config'
POSUB='po'
RANLIB='ranlib'
SET_MAKE=''
SHELL='/bin/sh'
STRIP='strip'
USE_INCLUDED_LIBINTL='no'
USE_NLS='yes'
VERSION='1.1-MrF'
XGETTEXT=':'
ac_ct_AR='ar'
ac_ct_CC='gcc'
ac_ct_CXX='g++'
ac_ct_F77=''
ac_ct_RANLIB='ranlib'
ac_ct_STRIP='strip'
bindir='${exec_prefix}/bin'
build='i686-pc-linux-gnu'
build_alias=''
build_cpu='i686'
build_os='linux-gnu'
build_vendor='pc'
datadir='${prefix}/share'
exec_prefix='${prefix}'
host='i686-pc-linux-gnu'
host_alias=''
host_cpu='i686'
host_os='linux-gnu'
host_vendor='pc'
includedir='${prefix}/include'
infodir='${prefix}/info'
libdir='${exec_prefix}/lib'
libexecdir='${exec_prefix}/libexec'
localstatedir='${prefix}/var'
mandir='${prefix}/man'
oldincludedir='/usr/include'
prefix='/usr/local'
program_transform_name='s,x,x,'
sbindir='${exec_prefix}/sbin'
sharedstatedir='${prefix}/com'
sysconfdir='${prefix}/etc'
target_alias=''

## ----------- ##
## confdefs.h. ##
## ----------- ##

#define ENABLE_NLS 1
#define GETTEXT_PACKAGE ""
#define HAVE_ALLOCA 1
#define HAVE_ALLOCA_H 1
#define HAVE_ARGZ_H 1
#define HAVE_DCGETTEXT 1
#define HAVE_DLFCN_H 1
#define HAVE_FEOF_UNLOCKED 1
#define HAVE_FGETS_UNLOCKED 1
#define HAVE_GETCWD 1
#define HAVE_GETC_UNLOCKED 1
#define HAVE_GETEGID 1
#define HAVE_GETEUID 1
#define HAVE_GETGID 1
#define HAVE_GETPAGESIZE 1
#define HAVE_GETTEXT 1
#define HAVE_GETUID 1
#define HAVE_ICONV 1
#define HAVE_INTTYPES_H 1
#define HAVE_INTTYPES_H 1
#define HAVE_INTTYPES_H_WITH_UINTMAX 1
#define HAVE_LANGINFO_CODESET 1
#define HAVE_LC_MESSAGES 1
#define HAVE_LIMITS_H 1
#define HAVE_LOCALE_H 1
#define HAVE_MALLOC_H 1
#define HAVE_MEMORY_H 1
#define HAVE_MEMPCPY 1
#define HAVE_MMAP 1
#define HAVE_MUNMAP 1
#define HAVE_NL_TYPES_H 1
#define HAVE_PUTENV 1
#define HAVE_SETENV 1
#define HAVE_SETLOCALE 1
#define HAVE_STDDEF_H 1
#define HAVE_STDINT_H 1
#define HAVE_STDINT_H_WITH_UINTMAX 1
#define HAVE_STDLIB_H 1
#define HAVE_STDLIB_H 1
#define HAVE_STDLIB_H 1
#define HAVE_STPCPY 1
#define HAVE_STRCASECMP 1
#define HAVE_STRDUP 1
#define HAVE_STRINGS_H 1
#define HAVE_STRING_H 1
#define HAVE_STRING_H 1
#define HAVE_STRTOUL 1
#define HAVE_SYS_PARAM_H 1
#define HAVE_SYS_STAT_H 1
#define HAVE_SYS_TYPES_H 1
#define HAVE_TSEARCH 1
#define HAVE_UINTMAX_T 1
#define HAVE_UNISTD_H 1
#define HAVE_UNISTD_H 1
#define HAVE_UNISTD_H 1
#define HAVE_UNSIGNED_LONG_LONG 1
#define HAVE___ARGZ_COUNT 1
#define HAVE___ARGZ_NEXT 1
#define HAVE___ARGZ_STRINGIFY 1
#define HAVE___FSETLOCKING 1
#define ICONV_CONST 
#define INTDIV0_RAISES_SIGFPE 1
#define PACKAGE "RealTimeBattle"
#define PACKAGE_BUGREPORT ""
#define PACKAGE_DATA_DIR "/usr/local/share/RealTimeBattle"
#define PACKAGE_DOC_DIR "/usr/local/doc/RealTimeBattle"
#define PACKAGE_HELP_DIR "/usr/local/share/RealTimeBattle/help"
#define PACKAGE_LOCALE_DIR "/usr/local/share/locale"
#define PACKAGE_MENU_DIR "/usr/local/share/RealTimeBattle"
#define PACKAGE_NAME ""
#define PACKAGE_PIXMAPS_DIR "/usr/local/share/RealTimeBattle/pixmaps"
#define PACKAGE_SOURCE_DIR "/home/benoit/rtb-gtk2-gcc3.3/RealTimeBattle-1.1-MrF"
#define PACKAGE_STRING ""
#define PACKAGE_TARNAME ""
#define PACKAGE_VERSION ""
#define STDC_HEADERS 1
#define VERSION "1.1-MrF"
#endif
#ifdef __cplusplus
extern "C" void std::exit (int) throw (); using std::exit;

configure: exit 0

## ---------------------- ##
## Running config.status. ##
## ---------------------- ##

This file was extended by config.status, which was
generated by GNU Autoconf 2.57.  Invocation command line was

  CONFIG_FILES    = src/Makefile
  CONFIG_HEADERS  = 
  CONFIG_LINKS    = 
  CONFIG_COMMANDS = 
  $ ./config.status 

on localhost

config.status:709: creating src/Makefile
config.status:1174: executing default-1 commands
config.status:1174: executing default-2 commands

## ---------------------- ##
## Running config.status. ##
## ---------------------- ##

This file was extended by config.status, which was
generated by GNU Autoconf 2.57.  Invocation command line was

  CONFIG_FILES    = include/Makefile
  CONFIG_HEADERS  = 
  CONFIG_LINKS    = 
  CONFIG_COMMANDS = 
  $ ./config.status 

on localhost

config.status:709: creating include/Makefile
config.status:1174: executing default-1 commands
config.status:1174: executing default-2 commands

## ---------------------- ##
## Running config.status. ##
## ---------------------- ##

This file was extended by config.status, which was
generated by GNU Autoconf 2.57.  Invocation command line was

  CONFIG_FILES    = src/Makefile
  CONFIG_HEADERS  = 
  CONFIG_LINKS    = 
  CONFIG_COMMANDS = 
  $ ./config.status 

on localhost

config.status:709: creating src/Makefile
config.status:1174: executing default-1 commands
config.status:1174: executing default-2 commands

## ---------------------- ##
## Running config.status. ##
## ---------------------- ##

This file was extended by config.status, which was
generated by GNU Autoconf 2.57.  Invocation command line was

  CONFIG_FILES    = src/Makefile
  CONFIG_HEADERS  = 
  CONFIG_LINKS    = 
  CONFIG_COMMANDS = 
  $ ./config.status 

on localhost

config.status:709: creating src/Makefile
config.status:1174: executing default-1 commands
config.status:1174: executing default-2 commands

## ---------------------- ##
## Running config.status. ##
## ---------------------- ##

This file was extended by config.status, which was
generated by GNU Autoconf 2.57.  Invocation command line was

  CONFIG_FILES    = include/Makefile
  CONFIG_HEADERS  = 
  CONFIG_LINKS    = 
  CONFIG_COMMANDS = 
  $ ./config.status 

on localhost

config.status:709: creating include/Makefile
config.status:1174: executing default-1 commands
config.status:1174: executing default-2 commands

## ---------------------- ##
## Running config.status. ##
## ---------------------- ##

This file was extended by config.status, which was
generated by GNU Autoconf 2.57.  Invocation command line was

  CONFIG_FILES    = src/Makefile
  CONFIG_HEADERS  = 
  CONFIG_LINKS    = 
  CONFIG_COMMANDS = 
  $ ./config.status 

on localhost

config.status:709: creating src/Makefile
config.status:1174: executing default-1 commands
config.status:1174: executing default-2 commands

## ---------------------- ##
## Running config.status. ##
## ---------------------- ##

This file was extended by config.status, which was
generated by GNU Autoconf 2.57.  Invocation command line was

  CONFIG_FILES    = src/Makefile
  CONFIG_HEADERS  = 
  CONFIG_LINKS    = 
  CONFIG_COMMANDS = 
  $ ./config.status 

on localhost

config.status:709: creating src/Makefile
config.status:1174: executing default-1 commands
config.status:1174: executing default-2 commands

## ---------------------- ##
## Running config.status. ##
## ---------------------- ##

This file was extended by config.status, which was
generated by GNU Autoconf 2.57.  Invocation command line was

  CONFIG_FILES    = src/Makefile
  CONFIG_HEADERS  = 
  CONFIG_LINKS    = 
  CONFIG_COMMANDS = 
  $ ./config.status 

on localhost

config.status:709: creating src/Makefile
config.status:1174: executing default-1 commands
config.status:1174: executing default-2 commands

## ---------------------- ##
## Running config.status. ##
## ---------------------- ##

This file was extended by config.status, which was
generated by GNU Autoconf 2.57.  Invocation command line was

  CONFIG_FILES    = src/Makefile
  CONFIG_HEADERS  = 
  CONFIG_LINKS    = 
  CONFIG_COMMANDS = 
  $ ./config.status 

on localhost

config.status:709: creating src/Makefile
config.status:1174: executing default-1 commands
config.status:1174: executing default-2 commands

## ---------------------- ##
## Running config.status. ##
## ---------------------- ##

This file was extended by config.status, which was
generated by GNU Autoconf 2.57.  Invocation command line was

  CONFIG_FILES    = src/Makefile
  CONFIG_HEADERS  = 
  CONFIG_LINKS    = 
  CONFIG_COMMANDS = 
  $ ./config.status 

on localhost

config.status:709: creating src/Makefile
config.status:1174: executing default-1 commands
config.status:1174: executing default-2 commands

## ---------------------- ##
## Running config.status. ##
## ---------------------- ##

This file was extended by config.status, which was
generated by GNU Autoconf 2.57.  Invocation command line was

  CONFIG_FILES    = src/Makefile
  CONFIG_HEADERS  = 
  CONFIG_LINKS    = 
  CONFIG_COMMANDS = 
  $ ./config.status 

on localhost

config.status:709: creating src/Makefile
config.status:1174: executing default-1 commands
config.status:1174: executing default-2 commands

## ---------------------- ##
## Running config.status. ##
## ---------------------- ##

This file was extended by config.status, which was
generated by GNU Autoconf 2.57.  Invocation command line was

  CONFIG_FILES    = src/Makefile
  CONFIG_HEADERS  = 
  CONFIG_LINKS    = 
  CONFIG_COMMANDS = 
  $ ./config.status 

on localhost

config.status:709: creating src/Makefile
config.status:1174: executing default-1 commands
config.status:1174: executing default-2 commands

## ---------------------- ##
## Running config.status. ##
## ---------------------- ##

This file was extended by config.status, which was
generated by GNU Autoconf 2.57.  Invocation command line was

  CONFIG_FILES    = src/Makefile
  CONFIG_HEADERS  = 
  CONFIG_LINKS    = 
  CONFIG_COMMANDS = 
  $ ./config.status 

on localhost

config.status:709: creating src/Makefile
config.status:1174: executing default-1 commands
config.status:1174: executing default-2 commands

## ---------------------- ##
## Running config.status. ##
## ---------------------- ##

This file was extended by config.status, which was
generated by GNU Autoconf 2.57.  Invocation command line was

  CONFIG_FILES    = src/Makefile
  CONFIG_HEADERS  = 
  CONFIG_LINKS    = 
  CONFIG_COMMANDS = 
  $ ./config.status 

on localhost

config.status:709: creating src/Makefile
config.status:1174: executing default-1 commands
config.status:1174: executing default-2 commands

## ---------------------- ##
## Running config.status. ##
## ---------------------- ##

This file was extended by config.status, which was
generated by GNU Autoconf 2.57.  Invocation command line was

  CONFIG_FILES    = src/Makefile
  CONFIG_HEADERS  = 
  CONFIG_LINKS    = 
  CONFIG_COMMANDS = 
  $ ./config.status 

on localhost

config.status:709: creating src/Makefile
config.status:1174: executing default-1 commands
config.status:1174: executing default-2 commands
